Copyright 1986-2021 Xilinx, Inc. All Rights Reserved.
------------------------------------------------------------------------------------
| Tool Version : Vivado v.2021.2 (win64) Build 3367213 Tue Oct 19 02:48:09 MDT 2021
| Date         : Thu Mar  3 12:55:34 2022
| Host         : LAPTOP-9O13O695 running 64-bit major release  (build 9200)
| Command      : upgrade_ip
| Device       : xc7k160tffg676-2L
------------------------------------------------------------------------------------

Upgrade Log for IP 'ADC32_0'

1. Summary
----------

SUCCESS in the upgrade of ADC32_0 (xilinx.com:user:ADC32:1.0) from (Rev. 3) to (Rev. 4)






Copyright 1986-2021 Xilinx, Inc. All Rights Reserved.
------------------------------------------------------------------------------------
| Tool Version : Vivado v.2021.2 (win64) Build 3367213 Tue Oct 19 02:48:09 MDT 2021
| Date         : Thu Mar  3 12:55:00 2022
| Host         : LAPTOP-9O13O695 running 64-bit major release  (build 9200)
| Command      : upgrade_ip
| Device       : xc7k160tffg676-2L
------------------------------------------------------------------------------------

Upgrade Log for IP 'ADC32_0'

1. Summary
----------

SUCCESS in the upgrade of ADC32_0 (xilinx.com:user:ADC32:1.0) from (Rev. 2) to (Rev. 3)

